<?xml version="1.0" encoding="UTF-8"?>
<!-- Generated by org.testng.reporters.JUnitReportReporter -->
<testsuite hostname="DESKTOP-16IOBPC" failures="0" tests="1" name="test.TestLogIN" time="17.609" errors="0" timestamp="2023-06-08T14:27:43 EDT" skipped="0">
  <testcase classname="test.TestLogIN" name="test1" time="17.609"/>
  <system-out/>
</testsuite> <!-- test.TestLogIN -->
